2023-08-31 03:34:21,009 - manager_log - INFO - Starting the application
2023-08-31 03:34:21,010 - manager_log - INFO - The task launch
2023-08-31 03:34:21,029 - manager_log - INFO - F - Process frontEnd
2023-08-31 03:34:21,480 - manager_log - DEBUG - F - Provenant du fichier : VisiaScan/qml/Picture_window.qml
2023-08-31 03:34:21,483 - manager_log - INFO - B - Starting external backend process
2023-08-31 03:34:21,484 - manager_log - DEBUG - B - External event handled
2023-08-31 03:34:21,484 - manager_log - INFO - B - Starting internal backend process
2023-08-31 03:34:21,485 - manager_log - DEBUG - B - Internal event handled
2023-08-31 03:34:22,488 - manager_log - DEBUG - F - Process Sleep : 1
2023-08-31 03:34:22,488 - manager_log - DEBUG - B - External event handled
2023-08-31 03:34:22,489 - manager_log - DEBUG - B - Internal event handled
2023-08-31 03:34:22,489 - manager_log - DEBUG - F - Window close
2023-08-31 03:34:23,232 - manager_log - DEBUG - F - Provenant du fichier : VisiaScan/qml/lunch_window.qml
2023-08-31 03:34:23,500 - manager_log - DEBUG - B - External event handled
2023-08-31 03:34:23,501 - manager_log - DEBUG - B - Internal event handled
2023-08-31 03:34:24,514 - manager_log - DEBUG - B - External event handled
2023-08-31 03:34:24,514 - manager_log - DEBUG - B - Internal event handled
2023-08-31 03:34:25,525 - manager_log - DEBUG - B - External event handled
2023-08-31 03:34:25,526 - manager_log - DEBUG - B - Internal event handled
2023-08-31 03:34:26,536 - manager_log - DEBUG - B - External event handled
2023-08-31 03:34:26,537 - manager_log - DEBUG - B - Internal event handled
2023-08-31 03:34:27,546 - manager_log - DEBUG - B - External event handled
2023-08-31 03:34:27,547 - manager_log - DEBUG - B - Internal event handled
2023-08-31 03:34:28,553 - manager_log - DEBUG - B - External event handled
2023-08-31 03:34:28,554 - manager_log - DEBUG - B - Internal event handled
2023-08-31 03:34:29,566 - manager_log - DEBUG - B - External event handled
2023-08-31 03:34:29,566 - manager_log - DEBUG - B - Internal event handled
2023-08-31 03:34:30,251 - manager_log - DEBUG - F - Process Sleep : 7
2023-08-31 03:34:30,253 - manager_log - DEBUG - F - Window close
2023-08-31 03:34:30,389 - manager_log - DEBUG - F - Provenant du fichier : VisiaScan/qml/mainWindow.qml
2023-08-31 03:34:30,578 - manager_log - DEBUG - B - External event handled
2023-08-31 03:34:30,579 - manager_log - DEBUG - B - Internal event handled
2023-08-31 03:34:31,586 - manager_log - DEBUG - B - External event handled
2023-08-31 03:34:31,587 - manager_log - DEBUG - B - Internal event handled
2023-08-31 03:34:32,596 - manager_log - DEBUG - B - External event handled
2023-08-31 03:34:32,598 - manager_log - DEBUG - B - Internal event handled
2023-08-31 03:34:33,611 - manager_log - DEBUG - B - External event handled
2023-08-31 03:34:33,612 - manager_log - DEBUG - B - Internal event handled
2023-08-31 03:34:34,621 - manager_log - DEBUG - B - External event handled
2023-08-31 03:34:34,622 - manager_log - DEBUG - B - Internal event handled
2023-08-31 03:34:35,618 - manager_log - DEBUG - B - External event handled
2023-08-31 03:34:35,620 - manager_log - DEBUG - B - Internal event handled
2023-08-31 03:34:36,623 - manager_log - DEBUG - B - External event handled
2023-08-31 03:34:36,623 - manager_log - DEBUG - B - Internal event handled
2023-08-31 03:34:37,618 - manager_log - DEBUG - B - External event handled
2023-08-31 03:34:37,619 - manager_log - DEBUG - B - Internal event handled
2023-08-31 03:34:38,629 - manager_log - DEBUG - B - External event handled
2023-08-31 03:34:38,630 - manager_log - DEBUG - B - Internal event handled
2023-08-31 03:34:39,642 - manager_log - DEBUG - B - External event handled
2023-08-31 03:34:39,643 - manager_log - DEBUG - B - Internal event handled
2023-08-31 03:34:40,653 - manager_log - DEBUG - B - External event handled
2023-08-31 03:34:40,654 - manager_log - DEBUG - B - Internal event handled
2023-08-31 03:34:41,645 - manager_log - DEBUG - B - External event handled
2023-08-31 03:34:41,646 - manager_log - DEBUG - B - Internal event handled
2023-08-31 03:34:42,652 - manager_log - DEBUG - B - External event handled
2023-08-31 03:34:42,653 - manager_log - DEBUG - B - Internal event handled
2023-08-31 03:34:43,656 - manager_log - DEBUG - B - External event handled
2023-08-31 03:34:43,657 - manager_log - DEBUG - B - Internal event handled
2023-08-31 03:34:44,668 - manager_log - DEBUG - B - External event handled
2023-08-31 03:34:44,668 - manager_log - DEBUG - B - Internal event handled
2023-08-31 03:34:45,681 - manager_log - DEBUG - B - External event handled
2023-08-31 03:34:45,683 - manager_log - DEBUG - B - Internal event handled
2023-08-31 03:34:46,693 - manager_log - DEBUG - B - External event handled
2023-08-31 03:34:46,694 - manager_log - DEBUG - B - Internal event handled
2023-08-31 03:34:47,704 - manager_log - DEBUG - B - External event handled
2023-08-31 03:34:47,704 - manager_log - DEBUG - B - Internal event handled
2023-08-31 03:34:48,713 - manager_log - DEBUG - B - External event handled
2023-08-31 03:34:48,714 - manager_log - DEBUG - B - Internal event handled
2023-08-31 03:34:49,721 - manager_log - DEBUG - B - External event handled
2023-08-31 03:34:49,721 - manager_log - DEBUG - B - Internal event handled
2023-08-31 03:34:50,733 - manager_log - DEBUG - B - External event handled
2023-08-31 03:34:50,734 - manager_log - DEBUG - B - Internal event handled
2023-08-31 03:34:51,743 - manager_log - DEBUG - B - External event handled
2023-08-31 03:34:51,744 - manager_log - DEBUG - B - Internal event handled
2023-08-31 03:34:52,751 - manager_log - DEBUG - B - External event handled
2023-08-31 03:34:52,753 - manager_log - DEBUG - B - Internal event handled
2023-08-31 03:34:53,760 - manager_log - DEBUG - B - External event handled
2023-08-31 03:34:53,761 - manager_log - DEBUG - B - Internal event handled
2023-08-31 03:34:54,775 - manager_log - DEBUG - B - External event handled
2023-08-31 03:34:54,775 - manager_log - DEBUG - B - Internal event handled
2023-08-31 03:34:55,787 - manager_log - DEBUG - B - External event handled
2023-08-31 03:34:55,788 - manager_log - DEBUG - B - Internal event handled
2023-08-31 03:34:56,796 - manager_log - DEBUG - B - External event handled
2023-08-31 03:34:56,798 - manager_log - DEBUG - B - Internal event handled
2023-08-31 03:34:57,807 - manager_log - DEBUG - B - External event handled
2023-08-31 03:34:57,807 - manager_log - DEBUG - B - Internal event handled
2023-08-31 03:34:58,819 - manager_log - DEBUG - B - External event handled
2023-08-31 03:34:58,819 - manager_log - DEBUG - B - Internal event handled
2023-08-31 03:34:59,827 - manager_log - DEBUG - B - External event handled
2023-08-31 03:34:59,827 - manager_log - DEBUG - B - Internal event handled
2023-08-31 03:35:00,840 - manager_log - DEBUG - B - External event handled
2023-08-31 03:35:00,840 - manager_log - DEBUG - B - Internal event handled
2023-08-31 03:35:01,849 - manager_log - DEBUG - B - External event handled
2023-08-31 03:35:01,850 - manager_log - DEBUG - B - Internal event handled
2023-08-31 03:35:02,860 - manager_log - DEBUG - B - External event handled
2023-08-31 03:35:02,861 - manager_log - DEBUG - B - Internal event handled
2023-08-31 03:35:03,873 - manager_log - DEBUG - B - External event handled
2023-08-31 03:35:03,873 - manager_log - DEBUG - B - Internal event handled
2023-08-31 03:35:04,868 - manager_log - DEBUG - B - External event handled
2023-08-31 03:35:04,868 - manager_log - DEBUG - B - Internal event handled
2023-08-31 03:35:05,879 - manager_log - DEBUG - B - External event handled
2023-08-31 03:35:05,880 - manager_log - DEBUG - B - Internal event handled
2023-08-31 03:35:06,888 - manager_log - DEBUG - B - External event handled
2023-08-31 03:35:06,889 - manager_log - DEBUG - B - Internal event handled
2023-08-31 03:35:07,890 - manager_log - DEBUG - B - External event handled
2023-08-31 03:35:07,891 - manager_log - DEBUG - B - Internal event handled
2023-08-31 03:35:08,903 - manager_log - DEBUG - B - External event handled
2023-08-31 03:35:08,903 - manager_log - DEBUG - B - Internal event handled
2023-08-31 03:35:09,909 - manager_log - DEBUG - B - External event handled
2023-08-31 03:35:09,911 - manager_log - DEBUG - B - Internal event handled
2023-08-31 03:35:10,923 - manager_log - DEBUG - B - External event handled
2023-08-31 03:35:10,924 - manager_log - DEBUG - B - Internal event handled
2023-08-31 03:35:11,931 - manager_log - DEBUG - B - External event handled
2023-08-31 03:35:11,932 - manager_log - DEBUG - B - Internal event handled
2023-08-31 03:35:12,943 - manager_log - DEBUG - B - External event handled
2023-08-31 03:35:12,944 - manager_log - DEBUG - B - Internal event handled
2023-08-31 03:35:13,952 - manager_log - DEBUG - B - External event handled
2023-08-31 03:35:13,953 - manager_log - DEBUG - B - Internal event handled
2023-08-31 03:35:14,962 - manager_log - DEBUG - B - External event handled
2023-08-31 03:35:14,963 - manager_log - DEBUG - B - Internal event handled
2023-08-31 03:35:15,973 - manager_log - DEBUG - B - External event handled
2023-08-31 03:35:15,973 - manager_log - DEBUG - B - Internal event handled
2023-08-31 03:35:16,978 - manager_log - DEBUG - B - External event handled
2023-08-31 03:35:16,978 - manager_log - DEBUG - B - Internal event handled
2023-08-31 03:35:17,989 - manager_log - DEBUG - B - External event handled
2023-08-31 03:35:17,989 - manager_log - DEBUG - B - Internal event handled
2023-08-31 03:35:19,003 - manager_log - DEBUG - B - External event handled
2023-08-31 03:35:19,003 - manager_log - DEBUG - B - Internal event handled
2023-08-31 03:35:20,010 - manager_log - DEBUG - B - External event handled
2023-08-31 03:35:20,010 - manager_log - DEBUG - B - Internal event handled
2023-08-31 03:35:21,025 - manager_log - DEBUG - B - External event handled
2023-08-31 03:35:21,025 - manager_log - DEBUG - B - Internal event handled
2023-08-31 03:35:22,036 - manager_log - DEBUG - B - External event handled
2023-08-31 03:35:22,036 - manager_log - DEBUG - B - Internal event handled
2023-08-31 03:35:23,046 - manager_log - DEBUG - B - External event handled
2023-08-31 03:35:23,047 - manager_log - DEBUG - B - Internal event handled
2023-08-31 03:35:24,056 - manager_log - DEBUG - B - External event handled
2023-08-31 03:35:24,056 - manager_log - DEBUG - B - Internal event handled
2023-08-31 03:35:25,070 - manager_log - DEBUG - B - External event handled
2023-08-31 03:35:25,070 - manager_log - DEBUG - B - Internal event handled
2023-08-31 03:35:26,084 - manager_log - DEBUG - B - External event handled
2023-08-31 03:35:26,085 - manager_log - DEBUG - B - Internal event handled
2023-08-31 03:35:27,095 - manager_log - DEBUG - B - External event handled
2023-08-31 03:35:27,095 - manager_log - DEBUG - B - Internal event handled
2023-08-31 03:35:28,101 - manager_log - DEBUG - B - External event handled
2023-08-31 03:35:28,102 - manager_log - DEBUG - B - Internal event handled
2023-08-31 03:35:29,108 - manager_log - DEBUG - B - External event handled
2023-08-31 03:35:29,108 - manager_log - DEBUG - B - Internal event handled
2023-08-31 03:35:30,120 - manager_log - DEBUG - B - External event handled
2023-08-31 03:35:30,120 - manager_log - DEBUG - B - Internal event handled
2023-08-31 03:35:31,131 - manager_log - DEBUG - B - External event handled
2023-08-31 03:35:31,131 - manager_log - DEBUG - B - Internal event handled
2023-08-31 03:35:32,142 - manager_log - DEBUG - B - External event handled
2023-08-31 03:35:32,142 - manager_log - DEBUG - B - Internal event handled
2023-08-31 03:35:33,152 - manager_log - DEBUG - B - External event handled
2023-08-31 03:35:33,153 - manager_log - DEBUG - B - Internal event handled
2023-08-31 03:35:34,167 - manager_log - DEBUG - B - External event handled
2023-08-31 03:35:34,168 - manager_log - DEBUG - B - Internal event handled
2023-08-31 03:35:35,173 - manager_log - DEBUG - B - External event handled
2023-08-31 03:35:35,173 - manager_log - DEBUG - B - Internal event handled
2023-08-31 03:35:36,177 - manager_log - DEBUG - B - External event handled
2023-08-31 03:35:36,177 - manager_log - DEBUG - B - Internal event handled
